<?xml version="1.0" encoding="UTF-8"?>
<testng-results skipped="0" failed="0" total="1" passed="1">
  <reporter-output>
  </reporter-output>
  <suite name="Default suite" duration-ms="122530" started-at="2018-10-16T05:42:13Z" finished-at="2018-10-16T05:44:16Z">
    <groups>
    </groups>
    <test name="Default test" duration-ms="122530" started-at="2018-10-16T05:42:13Z" finished-at="2018-10-16T05:44:16Z">
      <class name="Test.TestClass1">
        <test-method status="PASS" signature="setUp()[pri:0, instance:Test.TestClass1@7dc7cbad]" name="setUp" is-config="true" duration-ms="50671" started-at="2018-10-16T11:12:13Z" finished-at="2018-10-16T11:13:04Z">
          <reporter-output>
          </reporter-output>
        </test-method> <!-- setUp -->
        <test-method status="PASS" signature="loginOperation()[pri:0, instance:Test.TestClass1@7dc7cbad]" name="loginOperation" duration-ms="70790" started-at="2018-10-16T11:13:04Z" finished-at="2018-10-16T11:14:15Z">
          <reporter-output>
          </reporter-output>
        </test-method> <!-- loginOperation -->
        <test-method status="PASS" signature="tearDown()[pri:0, instance:Test.TestClass1@7dc7cbad]" name="tearDown" is-config="true" duration-ms="998" started-at="2018-10-16T11:14:15Z" finished-at="2018-10-16T11:14:16Z">
          <reporter-output>
          </reporter-output>
        </test-method> <!-- tearDown -->
      </class> <!-- Test.TestClass1 -->
    </test> <!-- Default test -->
  </suite> <!-- Default suite -->
</testng-results>
